# Войдите под первым терминалом в пользователя «sit», во втором в пользователя «sit2».

sit2


--- done ---


# Посмотрите какой идентификатор получил пользователь «sit» и пользователь «sit2» используя команду id

uid=1002(sit2) gid=1002(sit2) groups=1002(sit2),27(sudo)


--- done ---


# Посмотрите права доступа на домашний каталог пользователей «sit» и «sit2», используя команду ls

total 20
drwxr-x--- 2 sit2 sit2 4096 Feb  9 08:57 .
drwxr-xr-x 1 root root 4096 Feb  9 08:57 ..
-rw-r--r-- 1 sit2 sit2  220 Mar 31  2024 .bash_logout
-rw-r--r-- 1 sit2 sit2 3771 Mar 31  2024 .bashrc
-rw-r--r-- 1 sit2 sit2  807 Mar 31  2024 .profile


--- done ---


# Создайте файл под пользователем «sit2» с маской 0077 используя umask
-rw------- 1 sit2 sit2 0 Feb  9 08:58 /tmp/test_file


--- done ---


# Измените права доступа на файл так, чтобы пользователь «sit» мог записывать в файл, но не читать его.



--- done ---


# Проверьте права на файл, и прочитайте его содержимое из под пользователя «sit2»

-rw-----w- 1 sit2 sit2 10 Feb  9 08:58 /tmp/test_file
something


--- done ---


# Создайте каталог из под пользователя «sit2»

total 0


--- done ---


# Установите права записи для группы пользователей на данный каталог

total 8
drwx-wx--- 2 sit2 sit2 4096 Feb  9 08:58 .
drwxrwxrwt 1 root root 4096 Feb  9 08:58 ..


--- done ---


# Добавьте пользователя «sit» в группу «sit2» с помощью команды usermod

